<?xml version="1.0" encoding="UTF-8"?>
<testsuite name="com.hd.stringcalculator.StringCalculatorTest" time="0.024" tests="4" errors="0" skipped="0" failures="0">
  <properties>
    <property name="java.runtime.name" value="Java(TM) SE Runtime Environment"/>
    <property name="sun.boot.library.path" value="H:\jdk_1.7_u45\jre\bin"/>
    <property name="java.vm.version" value="24.45-b08"/>
    <property name="java.vm.vendor" value="Oracle Corporation"/>
    <property name="java.vendor.url" value="http://java.oracle.com/"/>
    <property name="path.separator" value=";"/>
    <property name="guice.disable.misplaced.annotation.check" value="true"/>
    <property name="java.vm.name" value="Java HotSpot(TM) Client VM"/>
    <property name="file.encoding.pkg" value="sun.io"/>
    <property name="user.script" value=""/>
    <property name="user.country" value="HU"/>
    <property name="sun.java.launcher" value="SUN_STANDARD"/>
    <property name="sun.os.patch.level" value="Service Pack 1"/>
    <property name="java.vm.specification.name" value="Java Virtual Machine Specification"/>
    <property name="user.dir" value="H:\NetBeansProject802\string_calculator\StringCalculator"/>
    <property name="java.runtime.version" value="1.7.0_45-b18"/>
    <property name="java.awt.graphicsenv" value="sun.awt.Win32GraphicsEnvironment"/>
    <property name="java.endorsed.dirs" value="H:\jdk_1.7_u45\jre\lib\endorsed"/>
    <property name="os.arch" value="x86"/>
    <property name="java.io.tmpdir" value="C:\Users\RENDSZ~1\AppData\Local\Temp\"/>
    <property name="line.separator" value="&#10;"/>
    <property name="java.vm.specification.vendor" value="Oracle Corporation"/>
    <property name="user.variant" value=""/>
    <property name="os.name" value="Windows 7"/>
    <property name="maven.ext.class.path" value="H:\NetBeans 8.0.2\java\maven-nblib\netbeans-eventspy.jar"/>
    <property name="classworlds.conf" value="H:\NetBeans 8.0.2\java\maven\bin\m2.conf"/>
    <property name="sun.jnu.encoding" value="Cp1250"/>
    <property name="java.library.path" value="H:\jdk_1.7_u45\bin;C:\Windows\Sun\Java\bin;C:\Windows\system32;C:\Windows;C:\Program Files (x86)\NVIDIA Corporation\PhysX\Common;H:\jdk_1.7_u45\bin;C:\oraclexe\app\oracle\product\11.2.0\server\bin;C:\Program Files (x86)\AMD APP\bin\x86_64;C:\Program Files (x86)\AMD APP\bin\x86;C:\Windows\system32;C:\Windows;C:\Windows\System32\Wbem;C:\Windows\System32\WindowsPowerShell\v1.0\;C:\Program Files (x86)\ATI Technologies\ATI.ACE\Core-Static;C:\Program Files\Microsoft\Web Platform Installer\;C:\Program Files (x86)\Microsoft ASP.NET\ASP.NET Web Pages\v1.0\;C:\Program Files (x86)\Windows Kits\8.0\Windows Performance Toolkit\;H:\Microsoft Visual Studio 11.0\VC\bin;C:\Program Files (x86)\Java\jre7\bin\;H:\Windows Kits\8.1\Windows Performance Toolkit\;H:\Windows Kits 8.1\Windows Performance Toolkit\;H:\Qt\5.2.1\msvc2012\bin;C:\Windows\System32\WindowsPowerShell\v1.0\;C:\Program Files (x86)\CodeBlocks\MinGW\bin;C:\LibIconv\bin;H:\wxWidgets-2.9.5\lib\vc110_dll;H:\MinGW\bin\;H:\jdk_1.7_u45\bin\;H:\Magic xpa 2.5\cvs_client;C:\Program Files (x86)\Microsoft SQL Server\110\Tools\Binn\;C:\Program Files\Microsoft SQL Server\110\Tools\Binn\;C:\Program Files\Microsoft SQL Server\110\DTS\Binn\;C:\Program Files (x86)\Microsoft SQL Server\110\Tools\Binn\ManagementStudio\;C:\Program Files (x86)\Microsoft SQL Server\110\DTS\Binn\;C:\Program Files (x86)\Microsoft SDKs\TypeScript\1.0\;;H:\AppServer8\bin;H:\AppServer9\bin;;C:\Program Files (x86)\CodeBlocks\MinGW\bin;C:\LibIconv\bin;H:\wxWidgets-2.9.5\lib\vc110_dll;H:\MinGW\bin\;H:\jdk_1.7_u45\bin\;."/>
    <property name="java.specification.name" value="Java Platform API Specification"/>
    <property name="java.class.version" value="51.0"/>
    <property name="sun.management.compiler" value="HotSpot Client Compiler"/>
    <property name="os.version" value="6.1"/>
    <property name="user.home" value="C:\Users\Rendszergazda"/>
    <property name="user.timezone" value="Europe/Prague"/>
    <property name="java.awt.printerjob" value="sun.awt.windows.WPrinterJob"/>
    <property name="java.specification.version" value="1.7"/>
    <property name="file.encoding" value="UTF-8"/>
    <property name="user.name" value="Rendszergazda"/>
    <property name="java.class.path" value="H:\NetBeans 8.0.2\java\maven\boot\plexus-classworlds-2.4.jar"/>
    <property name="java.vm.specification.version" value="1.7"/>
    <property name="sun.arch.data.model" value="32"/>
    <property name="java.home" value="H:\jdk_1.7_u45\jre"/>
    <property name="sun.java.command" value="org.codehaus.plexus.classworlds.launcher.Launcher -Dmaven.ext.class.path=H:\NetBeans 8.0.2\java\maven-nblib\netbeans-eventspy.jar -Dfile.encoding=UTF-8 install"/>
    <property name="java.specification.vendor" value="Oracle Corporation"/>
    <property name="user.language" value="hu"/>
    <property name="awt.toolkit" value="sun.awt.windows.WToolkit"/>
    <property name="java.vm.info" value="mixed mode, sharing"/>
    <property name="java.version" value="1.7.0_45"/>
    <property name="java.ext.dirs" value="H:\jdk_1.7_u45\jre\lib\ext;C:\Windows\Sun\Java\lib\ext"/>
    <property name="sun.boot.class.path" value="H:\jdk_1.7_u45\jre\lib\resources.jar;H:\jdk_1.7_u45\jre\lib\rt.jar;H:\jdk_1.7_u45\jre\lib\sunrsasign.jar;H:\jdk_1.7_u45\jre\lib\jsse.jar;H:\jdk_1.7_u45\jre\lib\jce.jar;H:\jdk_1.7_u45\jre\lib\charsets.jar;H:\jdk_1.7_u45\jre\lib\jfr.jar;H:\jdk_1.7_u45\jre\classes"/>
    <property name="java.vendor" value="Oracle Corporation"/>
    <property name="maven.home" value="H:\NetBeans 8.0.2\java\maven"/>
    <property name="file.separator" value="\"/>
    <property name="java.vendor.url.bug" value="http://bugreport.sun.com/bugreport/"/>
    <property name="sun.cpu.endian" value="little"/>
    <property name="sun.io.unicode.encoding" value="UnicodeLittle"/>
    <property name="sun.desktop" value="windows"/>
    <property name="sun.cpu.isalist" value=""/>
  </properties>
  <testcase name="addShouldReturn6SomeSeparator" classname="com.hd.stringcalculator.StringCalculatorTest" time="0.006"/>
  <testcase name="addShouldReturnNegativeNumberExceptionMessage" classname="com.hd.stringcalculator.StringCalculatorTest" time="0.016"/>
  <testcase name="addShouldReturn8IfMoreCharacterSeparator" classname="com.hd.stringcalculator.StringCalculatorTest" time="0.001"/>
  <testcase name="addShouldReturn13" classname="com.hd.stringcalculator.StringCalculatorTest" time="0.001"/>
</testsuite>